The system is: Linux - 4.4.0-18362-Microsoft - x86_64
Compiling the C compiler identification source file "CMakeCCompilerId.c" succeeded.
Compiler: /usr/bin/cc 
Build flags: 
Id flags:  

The output was:
0


Compilation of the C compiler identification source "CMakeCCompilerId.c" produced "a.out"

The C compiler identification is GNU, found in "/mnt/d/Projects/HouseGuard/CameraMonitor/build/CMakeFiles/3.10.2/CompilerIdC/a.out"

Compiling the CXX compiler identification source file "CMakeCXXCompilerId.cpp" succeeded.
Compiler: /usr/bin/c++ 
Build flags: 
Id flags:  

The output was:
0


Compilation of the CXX compiler identification source "CMakeCXXCompilerId.cpp" produced "a.out"

The CXX compiler identification is GNU, found in "/mnt/d/Projects/HouseGuard/CameraMonitor/build/CMakeFiles/3.10.2/CompilerIdCXX/a.out"

Determining if the C compiler works passed with the following output:
Change Dir: /mnt/d/Projects/HouseGuard/CameraMonitor/build/CMakeFiles/CMakeTmp

Run Build Command:"/usr/bin/make" "cmTC_1fe88/fast"
make: Warning: File 'Makefile' has modification time 0.068 s in the future
/usr/bin/make -f CMakeFiles/cmTC_1fe88.dir/build.make CMakeFiles/cmTC_1fe88.dir/build
make[1]: Entering directory '/mnt/d/Projects/HouseGuard/CameraMonitor/build/CMakeFiles/CMakeTmp'
make[1]: Warning: File 'CMakeFiles/cmTC_1fe88.dir/flags.make' has modification time 0.059 s in the future
Building C object CMakeFiles/cmTC_1fe88.dir/testCCompiler.c.o
/usr/bin/cc    -o CMakeFiles/cmTC_1fe88.dir/testCCompiler.c.o   -c /mnt/d/Projects/HouseGuard/CameraMonitor/build/CMakeFiles/CMakeTmp/testCCompiler.c
Linking C executable cmTC_1fe88
/usr/bin/cmake -E cmake_link_script CMakeFiles/cmTC_1fe88.dir/link.txt --verbose=1
/usr/bin/cc      CMakeFiles/cmTC_1fe88.dir/testCCompiler.c.o  -o cmTC_1fe88 
make[1]: warning:  Clock skew detected.  Your build may be incomplete.
make[1]: Leaving directory '/mnt/d/Projects/HouseGuard/CameraMonitor/build/CMakeFiles/CMakeTmp'
make: warning:  Clock skew detected.  Your build may be incomplete.


Determining if the CXX compiler works passed with the following output:
Change Dir: /mnt/d/Projects/HouseGuard/CameraMonitor/build/CMakeFiles/CMakeTmp

Run Build Command:"/usr/bin/make" "cmTC_2f853/fast"
make: Warning: File 'Makefile' has modification time 1.9 s in the future
/usr/bin/make -f CMakeFiles/cmTC_2f853.dir/build.make CMakeFiles/cmTC_2f853.dir/build
make[1]: Entering directory '/mnt/d/Projects/HouseGuard/CameraMonitor/build/CMakeFiles/CMakeTmp'
make[1]: Warning: File 'CMakeFiles/cmTC_2f853.dir/flags.make' has modification time 1.9 s in the future
Building CXX object CMakeFiles/cmTC_2f853.dir/testCXXCompiler.cxx.o
/usr/bin/c++     -o CMakeFiles/cmTC_2f853.dir/testCXXCompiler.cxx.o -c /mnt/d/Projects/HouseGuard/CameraMonitor/build/CMakeFiles/CMakeTmp/testCXXCompiler.cxx
Linking CXX executable cmTC_2f853
/usr/bin/cmake -E cmake_link_script CMakeFiles/cmTC_2f853.dir/link.txt --verbose=1
/usr/bin/c++       CMakeFiles/cmTC_2f853.dir/testCXXCompiler.cxx.o  -o cmTC_2f853 
make[1]: warning:  Clock skew detected.  Your build may be incomplete.
make[1]: Leaving directory '/mnt/d/Projects/HouseGuard/CameraMonitor/build/CMakeFiles/CMakeTmp'
make: warning:  Clock skew detected.  Your build may be incomplete.


Determining if the include file pthread.h exists passed with the following output:
Change Dir: /mnt/d/Projects/HouseGuard/CameraMonitor/build/CMakeFiles/CMakeTmp

Run Build Command:"/usr/bin/make" "cmTC_95a31/fast"
make: Warning: File 'Makefile' has modification time 0.63 s in the future
/usr/bin/make -f CMakeFiles/cmTC_95a31.dir/build.make CMakeFiles/cmTC_95a31.dir/build
make[1]: Entering directory '/mnt/d/Projects/HouseGuard/CameraMonitor/build/CMakeFiles/CMakeTmp'
make[1]: Warning: File 'CMakeFiles/cmTC_95a31.dir/flags.make' has modification time 0.62 s in the future
Building C object CMakeFiles/cmTC_95a31.dir/CheckIncludeFile.c.o
/usr/bin/cc    -o CMakeFiles/cmTC_95a31.dir/CheckIncludeFile.c.o   -c /mnt/d/Projects/HouseGuard/CameraMonitor/build/CMakeFiles/CMakeTmp/CheckIncludeFile.c
Linking C executable cmTC_95a31
/usr/bin/cmake -E cmake_link_script CMakeFiles/cmTC_95a31.dir/link.txt --verbose=1
/usr/bin/cc      CMakeFiles/cmTC_95a31.dir/CheckIncludeFile.c.o  -o cmTC_95a31 
make[1]: warning:  Clock skew detected.  Your build may be incomplete.
make[1]: Leaving directory '/mnt/d/Projects/HouseGuard/CameraMonitor/build/CMakeFiles/CMakeTmp'
make: warning:  Clock skew detected.  Your build may be incomplete.


Determining if the function pthread_create exists in the pthread passed with the following output:
Change Dir: /mnt/d/Projects/HouseGuard/CameraMonitor/build/CMakeFiles/CMakeTmp

Run Build Command:"/usr/bin/make" "cmTC_9e56e/fast"
make: Warning: File 'Makefile' has modification time 0.25 s in the future
/usr/bin/make -f CMakeFiles/cmTC_9e56e.dir/build.make CMakeFiles/cmTC_9e56e.dir/build
make[1]: Entering directory '/mnt/d/Projects/HouseGuard/CameraMonitor/build/CMakeFiles/CMakeTmp'
make[1]: Warning: File 'CMakeFiles/cmTC_9e56e.dir/flags.make' has modification time 0.25 s in the future
Building C object CMakeFiles/cmTC_9e56e.dir/CheckFunctionExists.c.o
/usr/bin/cc   -DCHECK_FUNCTION_EXISTS=pthread_create   -o CMakeFiles/cmTC_9e56e.dir/CheckFunctionExists.c.o   -c /usr/share/cmake-3.10/Modules/CheckFunctionExists.c
Linking C executable cmTC_9e56e
/usr/bin/cmake -E cmake_link_script CMakeFiles/cmTC_9e56e.dir/link.txt --verbose=1
/usr/bin/cc  -DCHECK_FUNCTION_EXISTS=pthread_create    CMakeFiles/cmTC_9e56e.dir/CheckFunctionExists.c.o  -o cmTC_9e56e -lpthread 
make[1]: warning:  Clock skew detected.  Your build may be incomplete.
make[1]: Leaving directory '/mnt/d/Projects/HouseGuard/CameraMonitor/build/CMakeFiles/CMakeTmp'
make: warning:  Clock skew detected.  Your build may be incomplete.


